0 info it worked if it ends with ok
1 verbose cli [ '/usr/local/bin/node',
1 verbose cli   '/usr/local/bin/npm',
1 verbose cli   'install',
1 verbose cli   '--save',
1 verbose cli   'whatwg-fetch' ]
2 info using npm@2.7.4
3 info using node@v0.12.2
4 warn package.json react-starter@1.0.0 No repository field.
5 silly cache add args [ 'whatwg-fetch', null ]
6 verbose cache add spec whatwg-fetch
7 silly cache add parsed spec { raw: 'whatwg-fetch',
7 silly cache add   scope: null,
7 silly cache add   name: 'whatwg-fetch',
7 silly cache add   rawSpec: '',
7 silly cache add   spec: '*',
7 silly cache add   type: 'range' }
8 verbose addNamed whatwg-fetch@*
9 silly addNamed semver.valid null
10 silly addNamed semver.validRange *
11 silly addNameRange { name: 'whatwg-fetch', range: '*', hasData: false }
12 silly mapToRegistry name whatwg-fetch
13 silly mapToRegistry using default registry
14 silly mapToRegistry registry https://registry.npmjs.org/
15 silly mapToRegistry uri https://registry.npmjs.org/whatwg-fetch
16 verbose addNameRange registry:https://registry.npmjs.org/whatwg-fetch not in flight; fetching
17 verbose request uri https://registry.npmjs.org/whatwg-fetch
18 verbose request no auth needed
19 info attempt registry request try #1 at 4:23:37 PM
20 verbose request id 5aad5c73eea050e2
21 verbose etag "PRJ4HAI6KP1TEP8ZKZ6F8SWW"
22 http request GET https://registry.npmjs.org/whatwg-fetch
23 http 304 https://registry.npmjs.org/whatwg-fetch
24 silly get cb [ 304,
24 silly get   { date: 'Sat, 30 Jan 2016 23:23:34 GMT',
24 silly get     via: '1.1 varnish',
24 silly get     'cache-control': 'max-age=300',
24 silly get     etag: '"PRJ4HAI6KP1TEP8ZKZ6F8SWW"',
24 silly get     age: '217',
24 silly get     connection: 'keep-alive',
24 silly get     'x-served-by': 'cache-sjc3130-SJC',
24 silly get     'x-cache': 'HIT',
24 silly get     'x-cache-hits': '2',
24 silly get     'x-timer': 'S1454196214.123697,VS0,VE0',
24 silly get     vary: 'Accept' } ]
25 verbose etag https://registry.npmjs.org/whatwg-fetch from cache
26 verbose get saving whatwg-fetch to /Users/ericnation/.npm/registry.npmjs.org/whatwg-fetch/.cache.json
27 silly addNameRange number 2 { name: 'whatwg-fetch', range: '*', hasData: true }
28 silly addNameRange versions [ 'whatwg-fetch',
28 silly addNameRange   [ '0.5.0',
28 silly addNameRange     '0.6.0',
28 silly addNameRange     '0.6.1',
28 silly addNameRange     '0.7.0',
28 silly addNameRange     '0.8.0',
28 silly addNameRange     '0.8.1',
28 silly addNameRange     '0.8.2',
28 silly addNameRange     '0.9.0',
28 silly addNameRange     '0.10.0',
28 silly addNameRange     '0.10.1',
28 silly addNameRange     '0.11.0' ] ]
29 verbose addNamed whatwg-fetch@0.11.0
30 silly addNamed semver.valid 0.11.0
31 silly addNamed semver.validRange 0.11.0
32 silly mapToRegistry name whatwg-fetch
33 silly mapToRegistry using default registry
34 silly mapToRegistry registry https://registry.npmjs.org/
35 silly mapToRegistry uri https://registry.npmjs.org/whatwg-fetch
36 verbose addRemoteTarball https://registry.npmjs.org/whatwg-fetch/-/whatwg-fetch-0.11.0.tgz not in flight; adding
37 verbose addRemoteTarball [ 'https://registry.npmjs.org/whatwg-fetch/-/whatwg-fetch-0.11.0.tgz',
37 verbose addRemoteTarball   '46b1d18d0aa99955971ef1a2f5aac506add28815' ]
38 info retry fetch attempt 1 at 4:23:37 PM
39 info attempt registry request try #1 at 4:23:37 PM
40 http fetch GET https://registry.npmjs.org/whatwg-fetch/-/whatwg-fetch-0.11.0.tgz
41 http fetch 200 https://registry.npmjs.org/whatwg-fetch/-/whatwg-fetch-0.11.0.tgz
42 silly fetchAndShaCheck shasum 46b1d18d0aa99955971ef1a2f5aac506add28815
43 verbose addTmpTarball /var/folders/yq/zqhm_fyj3kdb30pp_csc5m1w0000gn/T/npm-7995-9e52d73f/registry.npmjs.org/whatwg-fetch/-/whatwg-fetch-0.11.0.tgz not in flight; adding
44 verbose addTmpTarball already have metadata; skipping unpack for whatwg-fetch@0.11.0
45 silly cache afterAdd whatwg-fetch@0.11.0
46 verbose afterAdd /Users/ericnation/.npm/whatwg-fetch/0.11.0/package/package.json not in flight; writing
47 verbose afterAdd /Users/ericnation/.npm/whatwg-fetch/0.11.0/package/package.json written
48 silly install resolved [ { name: 'whatwg-fetch',
48 silly install resolved     description: 'A window.fetch polyfill.',
48 silly install resolved     version: '0.11.0',
48 silly install resolved     main: 'fetch.js',
48 silly install resolved     repository: { type: 'git', url: 'git+https://github.com/github/fetch.git' },
48 silly install resolved     licenses: [ [Object] ],
48 silly install resolved     devDependencies:
48 silly install resolved      { bower: '1.3.8',
48 silly install resolved        chai: '1.10.0',
48 silly install resolved        jshint: '2.8.0',
48 silly install resolved        'mocha-phantomjs': '3.5.2',
48 silly install resolved        mocha: '2.1.0',
48 silly install resolved        phantomjs: '1.9.19' },
48 silly install resolved     files: [ 'LICENSE', 'fetch.js' ],
48 silly install resolved     gitHead: '989a1e8132e9adb4c4e973875ad043ff7219fc5a',
48 silly install resolved     bugs: { url: 'https://github.com/github/fetch/issues' },
48 silly install resolved     homepage: 'https://github.com/github/fetch#readme',
48 silly install resolved     _id: 'whatwg-fetch@0.11.0',
48 silly install resolved     scripts: {},
48 silly install resolved     _shasum: '46b1d18d0aa99955971ef1a2f5aac506add28815',
48 silly install resolved     _from: 'whatwg-fetch@*',
48 silly install resolved     _npmVersion: '3.3.12',
48 silly install resolved     _nodeVersion: '5.4.0',
48 silly install resolved     _npmUser: { name: 'mislav', email: 'mislav.marohnic@gmail.com' },
48 silly install resolved     dist:
48 silly install resolved      { shasum: '46b1d18d0aa99955971ef1a2f5aac506add28815',
48 silly install resolved        tarball: 'http://registry.npmjs.org/whatwg-fetch/-/whatwg-fetch-0.11.0.tgz' },
48 silly install resolved     maintainers: [ [Object], [Object] ],
48 silly install resolved     directories: {},
48 silly install resolved     _resolved: 'https://registry.npmjs.org/whatwg-fetch/-/whatwg-fetch-0.11.0.tgz' } ]
49 info install whatwg-fetch@0.11.0 into /Users/ericnation/Google Drive/Web Courses/udemy-courses/reactjs/ReactCasts/imgur_reactjs
50 info installOne whatwg-fetch@0.11.0
51 verbose installOne of whatwg-fetch to /Users/ericnation/Google Drive/Web Courses/udemy-courses/reactjs/ReactCasts/imgur_reactjs not in flight; installing
52 verbose lock using /Users/ericnation/.npm/_locks/whatwg-fetch-29ccd6eb61d0f3da.lock for /Users/ericnation/Google Drive/Web Courses/udemy-courses/reactjs/ReactCasts/imgur_reactjs/node_modules/whatwg-fetch
53 silly install write writing whatwg-fetch 0.11.0 to /Users/ericnation/Google Drive/Web Courses/udemy-courses/reactjs/ReactCasts/imgur_reactjs/node_modules/whatwg-fetch
54 silly cache addNamed cb whatwg-fetch@0.11.0
55 verbose unbuild node_modules/whatwg-fetch
56 silly gentlyRm /Users/ericnation/Google Drive/Web Courses/udemy-courses/reactjs/ReactCasts/imgur_reactjs/node_modules/whatwg-fetch is being purged from base /Users/ericnation/Google Drive/Web Courses/udemy-courses/reactjs/ReactCasts/imgur_reactjs
57 verbose gentlyRm don't care about contents; nuking /Users/ericnation/Google Drive/Web Courses/udemy-courses/reactjs/ReactCasts/imgur_reactjs/node_modules/whatwg-fetch
58 verbose tar unpack /Users/ericnation/.npm/whatwg-fetch/0.11.0/package.tgz
59 verbose tar unpacking to /Users/ericnation/Google Drive/Web Courses/udemy-courses/reactjs/ReactCasts/imgur_reactjs/node_modules/whatwg-fetch
60 silly gentlyRm /Users/ericnation/Google Drive/Web Courses/udemy-courses/reactjs/ReactCasts/imgur_reactjs/node_modules/whatwg-fetch is being purged
61 verbose gentlyRm don't care about contents; nuking /Users/ericnation/Google Drive/Web Courses/udemy-courses/reactjs/ReactCasts/imgur_reactjs/node_modules/whatwg-fetch
62 silly gunzTarPerm modes [ '755', '644' ]
63 silly gunzTarPerm extractEntry package.json
64 silly gunzTarPerm extractEntry README.md
65 silly gunzTarPerm extractEntry LICENSE
66 silly gunzTarPerm extractEntry fetch.js
67 info preinstall whatwg-fetch@0.11.0
68 silly install resolved []
69 verbose about to build /Users/ericnation/Google Drive/Web Courses/udemy-courses/reactjs/ReactCasts/imgur_reactjs/node_modules/whatwg-fetch
70 info build /Users/ericnation/Google Drive/Web Courses/udemy-courses/reactjs/ReactCasts/imgur_reactjs/node_modules/whatwg-fetch
71 verbose linkStuff [ false,
71 verbose linkStuff   false,
71 verbose linkStuff   false,
71 verbose linkStuff   '/Users/ericnation/Google Drive/Web Courses/udemy-courses/reactjs/ReactCasts/imgur_reactjs/node_modules' ]
72 info linkStuff whatwg-fetch@0.11.0
73 verbose linkBins whatwg-fetch@0.11.0
74 verbose linkMans whatwg-fetch@0.11.0
75 verbose rebuildBundles whatwg-fetch@0.11.0
76 info install whatwg-fetch@0.11.0
77 info postinstall whatwg-fetch@0.11.0
78 verbose unlock done using /Users/ericnation/.npm/_locks/whatwg-fetch-29ccd6eb61d0f3da.lock for /Users/ericnation/Google Drive/Web Courses/udemy-courses/reactjs/ReactCasts/imgur_reactjs/node_modules/whatwg-fetch
79 verbose stack Error: The package history does not satisfy its siblings' peerDependencies requirements!
79 verbose stack     at /usr/local/lib/node_modules/npm/lib/install.js:125:32
79 verbose stack     at /usr/local/lib/node_modules/npm/lib/install.js:264:7
79 verbose stack     at /usr/local/lib/node_modules/npm/node_modules/read-installed/read-installed.js:138:5
79 verbose stack     at /usr/local/lib/node_modules/npm/node_modules/read-installed/read-installed.js:251:14
79 verbose stack     at cb (/usr/local/lib/node_modules/npm/node_modules/slide/lib/async-map.js:47:24)
79 verbose stack     at /usr/local/lib/node_modules/npm/node_modules/read-installed/read-installed.js:251:14
79 verbose stack     at cb (/usr/local/lib/node_modules/npm/node_modules/slide/lib/async-map.js:47:24)
79 verbose stack     at /usr/local/lib/node_modules/npm/node_modules/read-installed/read-installed.js:251:14
79 verbose stack     at cb (/usr/local/lib/node_modules/npm/node_modules/slide/lib/async-map.js:47:24)
79 verbose stack     at /usr/local/lib/node_modules/npm/node_modules/read-installed/read-installed.js:251:14
80 verbose cwd /Users/ericnation/Google Drive/Web Courses/udemy-courses/reactjs/ReactCasts/imgur_reactjs
81 error Darwin 15.3.0
82 error argv "/usr/local/bin/node" "/usr/local/bin/npm" "install" "--save" "whatwg-fetch"
83 error node v0.12.2
84 error npm  v2.7.4
85 error code EPEERINVALID
86 error peerinvalid The package history does not satisfy its siblings' peerDependencies requirements!
86 error peerinvalid Peer react-router@1.0.3 wants history@^1.17.0
87 verbose exit [ 1, true ]
